<?xml version="1.0" encoding="UTF-8"?>
<testsuite xmlns:xsi="http://www.w3.org/2001/XMLSchema-instance" xsi:noNamespaceSchemaLocation="https://maven.apache.org/surefire/maven-surefire-plugin/xsd/surefire-test-report-3.0.xsd" version="3.0" name="runners.Smoke" time="51.618" tests="3" errors="0" skipped="0" failures="0">
  <properties>
[...]
</properties>
  <testcase name="Verify message which browser to use #1" classname="ECMS Login" time="17.112"/>
  <testcase name="Verify message which browser to use #2" classname="ECMS Login" time="17.124"/>
  <testcase name="Verify reporting dropdown" classname="Search item in the search bar" time="15.384"/>
</testsuite>