<?xml version="1.0" encoding="UTF-8"?>
<testsuite xmlns:xsi="http://www.w3.org/2001/XMLSchema-instance" xsi:noNamespaceSchemaLocation="https://maven.apache.org/surefire/maven-surefire-plugin/xsd/surefire-test-report-3.0.xsd" version="3.0" name="runners.Smoke" time="24.834" tests="1" errors="1" skipped="0" failures="0">
  <properties>
[...]
</properties>
  <testcase name="Validation and Verification of Provisional Terms" classname="Search item in the search bar" time="23.926">
    <error message="invalid element state&#10;  (Session info: chrome=106.0.5249.119)&#10;Build info: version: &apos;3.141.59&apos;, revision: &apos;e82be7d358&apos;, time: &apos;2018-11-14T08:17:03&apos;&#10;System info: host: &apos;CLVITN-H0W4FB3&apos;, ip: &apos;192.168.1.186&apos;, os.name: &apos;Windows 10&apos;, os.arch: &apos;amd64&apos;, os.version: &apos;10.0&apos;, java.version: &apos;18.0.2.1&apos;&#10;Driver info: org.openqa.selenium.chrome.ChromeDriver&#10;Capabilities {acceptInsecureCerts: false, browserName: chrome, browserVersion: 106.0.5249.119, chrome: {chromedriverVersion: 106.0.5249.61 (511755355844..., userDataDir: C:\Users\U6065476\AppData\L...}, goog:chromeOptions: {debuggerAddress: localhost:55489}, javascriptEnabled: true, networkConnectionEnabled: false, pageLoadStrategy: normal, platform: WINDOWS, platformName: WINDOWS, proxy: Proxy(), setWindowRect: true, strictFileInteractability: false, timeouts: {implicit: 0, pageLoad: 300000, script: 30000}, unhandledPromptBehavior: dismiss and notify, webauthn:extension:credBlob: true, webauthn:extension:largeBlob: true, webauthn:virtualAuthenticators: true}&#10;Session ID: eb74b99bc4b02be34fa260f99c92e90c" type="org.openqa.selenium.InvalidElementStateException"><![CDATA[org.openqa.selenium.InvalidElementStateException: 
invalid element state
  (Session info: chrome=106.0.5249.119)
Build info: version: '3.141.59', revision: 'e82be7d358', time: '2018-11-14T08:17:03'
System info: host: 'CLVITN-H0W4FB3', ip: '192.168.1.186', os.name: 'Windows 10', os.arch: 'amd64', os.version: '10.0', java.version: '18.0.2.1'
Driver info: org.openqa.selenium.chrome.ChromeDriver
Capabilities {acceptInsecureCerts: false, browserName: chrome, browserVersion: 106.0.5249.119, chrome: {chromedriverVersion: 106.0.5249.61 (511755355844..., userDataDir: C:\Users\U6065476\AppData\L...}, goog:chromeOptions: {debuggerAddress: localhost:55489}, javascriptEnabled: true, networkConnectionEnabled: false, pageLoadStrategy: normal, platform: WINDOWS, platformName: WINDOWS, proxy: Proxy(), setWindowRect: true, strictFileInteractability: false, timeouts: {implicit: 0, pageLoad: 300000, script: 30000}, unhandledPromptBehavior: dismiss and notify, webauthn:extension:credBlob: true, webauthn:extension:largeBlob: true, webauthn:virtualAuthenticators: true}
Session ID: eb74b99bc4b02be34fa260f99c92e90c
]]></error>
    <system-out><![CDATA[
@regression @C766564
Scenario: Validation and Verification of Provisional Terms        # src/test/resources/features/SearchItem.feature:206
  When user enters username and password for login                # steps.LoginSteps.user_enters_username_and_password_for_login()
  And user clicks on login button                                 # steps.LoginSteps.user_clicks_on_login_button()
Test
  Then user navigated to homepage                                 # steps.LoginSteps.user_navigated_to_homepage()
  When user search for the "water" in search field                # steps.SearchItemPageSteps.user_search_for_the_in_search_field(java.lang.String)
Operation is done in previous step
  And user clicks on search button                                # steps.SearchItemPageSteps.user_clicks_on_search_button()
[Disciplines, Products, Abstract, Full Text, Publication Source Type, Document Type, Document Section, Term Count, PQ One Business, Providers, Publishers, Database Type, Document Status, MR3 Fields, Active Restrictions, Publication Subjects, Content Tier, Bundle Codes]
[]
1 - 100 of 4,359
Code tested correct
  Then user verifies left panel facets                            # steps.DocumentPageSteps.user_verifies_left_panel_facets(io.cucumber.datatable.DataTable)
  When user clicks on one of the results from the list of results # steps.DocumentViewPageSteps.user_clicks_on_one_of_the_results_from_the_list_of_results()
  When user enters invalid value in corp field                    # steps.SearchItemPageSteps.user_enters_invalid_value_in_corp_field()
      org.openqa.selenium.InvalidElementStateException: invalid element state
  (Session info: chrome=106.0.5249.119)
Build info: version: '3.141.59', revision: 'e82be7d358', time: '2018-11-14T08:17:03'
System info: host: 'CLVITN-H0W4FB3', ip: '192.168.1.186', os.name: 'Windows 10', os.arch: 'amd64', os.version: '10.0', java.version: '18.0.2.1'
Driver info: org.openqa.selenium.chrome.ChromeDriver
Capabilities {acceptInsecureCerts: false, browserName: chrome, browserVersion: 106.0.5249.119, chrome: {chromedriverVersion: 106.0.5249.61 (511755355844..., userDataDir: C:\Users\U6065476\AppData\L...}, goog:chromeOptions: {debuggerAddress: localhost:55489}, javascriptEnabled: true, networkConnectionEnabled: false, pageLoadStrategy: normal, platform: WINDOWS, platformName: WINDOWS, proxy: Proxy(), setWindowRect: true, strictFileInteractability: false, timeouts: {implicit: 0, pageLoad: 300000, script: 30000}, unhandledPromptBehavior: dismiss and notify, webauthn:extension:credBlob: true, webauthn:extension:largeBlob: true, webauthn:virtualAuthenticators: true}
Session ID: eb74b99bc4b02be34fa260f99c92e90c
	at java.base/jdk.internal.reflect.DirectConstructorHandleAccessor.newInstance(DirectConstructorHandleAccessor.java:67)
	at java.base/java.lang.reflect.Constructor.newInstanceWithCaller(Constructor.java:499)
	at java.base/java.lang.reflect.Constructor.newInstance(Constructor.java:483)
	at org.openqa.selenium.remote.http.W3CHttpResponseCodec.createException(W3CHttpResponseCodec.java:187)
	at org.openqa.selenium.remote.http.W3CHttpResponseCodec.decode(W3CHttpResponseCodec.java:122)
	at org.openqa.selenium.remote.http.W3CHttpResponseCodec.decode(W3CHttpResponseCodec.java:49)
	at org.openqa.selenium.remote.HttpCommandExecutor.execute(HttpCommandExecutor.java:158)
	at org.openqa.selenium.remote.service.DriverCommandExecutor.execute(DriverCommandExecutor.java:83)
	at org.openqa.selenium.remote.RemoteWebDriver.execute(RemoteWebDriver.java:552)
	at org.openqa.selenium.remote.RemoteWebElement.execute(RemoteWebElement.java:285)
	at org.openqa.selenium.remote.RemoteWebElement.clear(RemoteWebElement.java:124)
	at java.base/jdk.internal.reflect.DirectMethodHandleAccessor.invoke(DirectMethodHandleAccessor.java:104)
	at java.base/java.lang.reflect.Method.invoke(Method.java:577)
	at org.openqa.selenium.support.pagefactory.internal.LocatingElementHandler.invoke(LocatingElementHandler.java:51)
	at jdk.proxy2/jdk.proxy2.$Proxy22.clear(Unknown Source)
	at utils.CommonMethods.sendText(CommonMethods.java:47)
	at pages.DocumentPage.verifyCorpHeading(DocumentPage.java:95)
	at steps.SearchItemPageSteps.user_enters_invalid_value_in_corp_field(SearchItemPageSteps.java:120)
	at ✽.user enters invalid value in corp field(file:///C:/Users/U6065476/IdeaProjects/ECMS_Automation/src/test/resources/features/SearchItem.feature:215)

  Then user should be able to see error message                   # steps.SearchItemPageSteps.user_should_be_able_to_see_error_message()

    Embedding Validation and Verification of Provisional Terms [image/png 227750 bytes]

]]></system-out>
    <system-err><![CDATA[Starting ChromeDriver 106.0.5249.61 (511755355844955cd3e264779baf0dd38212a4d0-refs/branch-heads/5249@{#569}) on port 30954
Only local connections are allowed.
Please see https://chromedriver.chromium.org/security-considerations for suggestions on keeping ChromeDriver safe.
ChromeDriver was started successfully.
Oct 25, 2022 12:12:00 AM org.openqa.selenium.remote.ProtocolHandshake createSession
INFO: Detected dialect: W3C
]]></system-err>
  </testcase>
</testsuite>