<?xml version="1.0" encoding="UTF-8"?>
<testsuite xmlns:xsi="http://www.w3.org/2001/XMLSchema-instance" xsi:noNamespaceSchemaLocation="https://maven.apache.org/surefire/maven-surefire-plugin/xsd/surefire-test-report-3.0.xsd" version="3.0" name="runners.Smoke" time="35.986" tests="1" errors="1" skipped="0" failures="0">
  <properties>
[...]
</properties>
  <testcase name="Verify fields and options in searched result details" classname="Search item in the search bar" time="34.106">
    <error message="The step &quot;user verify the document page&quot; is undefined. You can implement it using the snippet(s) below:&#10;&#10;@Then(&quot;user verify the document page&quot;)&#10;public void user_verify_the_document_page() {&#10;    // Write code here that turns the phrase above into concrete actions&#10;    throw new io.cucumber.java.PendingException();&#10;}&#10;" type="io.cucumber.junit.UndefinedStepException"><![CDATA[io.cucumber.junit.UndefinedStepException: 
The step "user verify the document page" is undefined. You can implement it using the snippet(s) below:

@Then("user verify the document page")
public void user_verify_the_document_page() {
    // Write code here that turns the phrase above into concrete actions
    throw new io.cucumber.java.PendingException();
}

]]></error>
    <system-out><![CDATA[
@test1 @regression @smoke
Scenario: Verify fields and options in searched result details    # src/test/resources/features/SearchItem.feature:41
  When user enters username and password for login                # steps.LoginSteps.user_enters_username_and_password_for_login()
  And user clicks on login button                                 # steps.LoginSteps.user_clicks_on_login_button()
Test
  Then user navigated to homepage                                 # steps.LoginSteps.user_navigated_to_homepage()
  When user search for the "water" in search field                # steps.SearchItemPageSteps.user_search_for_the_in_search_field(java.lang.String)
Operation is done in previous step
  And user clicks on search button                                # steps.SearchItemPageSteps.user_clicks_on_search_button()
[Disciplines, Products, Abstract, Full Text, Publication Source Type, Document Type, Document Section, Term Count, PQ One Business, Providers, Publishers, Database Type, Document Status, MR3 Fields, Active Restrictions, Publication Subjects, Content Tier, Bundle Codes]
[]
1 - 100 of 4,951
Code tested correct
  Then user verifies left panel facets                            # steps.DocumentPageSteps.user_verifies_left_panel_facets(io.cucumber.datatable.DataTable)
  When user clicks on one of the results from the list of results # steps.DocumentViewPageSteps.user_clicks_on_one_of_the_results_from_the_list_of_results()
  Then user verify the document page                              # null

    Embedding Verify fields and options in searched result details [image/png 279099 bytes]

]]></system-out>
    <system-err><![CDATA[Starting ChromeDriver 102.0.5005.61 (0e59bcc00cc4985ce39ad31c150065f159d95ad3-refs/branch-heads/5005@{#819}) on port 47043
Only local connections are allowed.
Please see https://chromedriver.chromium.org/security-considerations for suggestions on keeping ChromeDriver safe.
ChromeDriver was started successfully.
Jun 20, 2022 1:14:22 PM org.openqa.selenium.remote.ProtocolHandshake createSession
INFO: Detected dialect: W3C
]]></system-err>
  </testcase>
</testsuite>